<?xml version="1.0" encoding="UTF-8"?>
<!-- Generated by org.testng.reporters.JUnitReportReporter -->
<testsuite hostname="TIL0C095" failures="0" tests="1" name="com.sevenrmartsupermarket.tests.ManagePagesTest" time="4.837" errors="0" timestamp="2024-07-12T00:37:51 IST" skipped="0">
  <testcase classname="com.sevenrmartsupermarket.tests.ManagePagesTest" name="searchTitle" time="4.837"/>
</testsuite> <!-- com.sevenrmartsupermarket.tests.ManagePagesTest -->
