<?xml version="1.0" encoding="UTF-8"?>
<!-- Generated by org.testng.reporters.JUnitReportReporter -->
<testsuite hostname="TIL0C095" failures="0" tests="1" name="com.sevenrmartsupermarket.tests.AdminUserTest" time="5.013" errors="0" timestamp="2024-07-10T22:50:47 IST" skipped="0">
  <testcase classname="com.sevenrmartsupermarket.tests.AdminUserTest" name="resetAdminUserDetails" time="5.013"/>
</testsuite> <!-- com.sevenrmartsupermarket.tests.AdminUserTest -->
