<?xml version="1.0" encoding="UTF-8"?>
<!-- Generated by org.testng.reporters.JUnitReportReporter -->
<testsuite hostname="TIL0C095" failures="0" tests="1" name="com.sevenrmartsupermarket.tests.ManagePagesTest" time="4.813" errors="0" timestamp="2024-07-16T00:44:53 IST" skipped="0">
  <testcase classname="com.sevenrmartsupermarket.tests.ManagePagesTest" name="searchTitle" time="4.813"/>
</testsuite> <!-- com.sevenrmartsupermarket.tests.ManagePagesTest -->
