<?xml version="1.0" encoding="UTF-8"?>
<!-- Generated by org.testng.reporters.JUnitReportReporter -->
<testsuite hostname="TIL0C095" failures="0" tests="1" name="com.sevenrmartsupermarket.tests.DashBoardTest" time="4.066" errors="0" timestamp="2024-07-10T08:11:47 IST" skipped="0">
  <testcase classname="com.sevenrmartsupermarket.tests.DashBoardTest" name="verifyManagePagesCardClickable" time="4.066"/>
</testsuite> <!-- com.sevenrmartsupermarket.tests.DashBoardTest -->
