<?xml version="1.0" encoding="UTF-8"?>
<!-- Generated by org.testng.reporters.JUnitReportReporter -->
<testsuite hostname="TIL0C095" failures="0" tests="1" name="com.sevenrmartsupermarket.tests.ManagePagesTest" time="5.132" errors="0" timestamp="2024-07-14T22:50:20 IST" skipped="0">
  <testcase classname="com.sevenrmartsupermarket.tests.ManagePagesTest" name="newPage" time="5.132"/>
</testsuite> <!-- com.sevenrmartsupermarket.tests.ManagePagesTest -->
