<?xml version="1.0" encoding="UTF-8"?>
<!-- Generated by org.testng.reporters.JUnitReportReporter -->
<testsuite hostname="TIL0C095" failures="0" tests="2" name="com.sevenrmartsupermarket.tests.LoginTest" time="6.122" errors="0" timestamp="2024-07-14T22:10:47 IST" skipped="0">
  <testcase classname="com.sevenrmartsupermarket.tests.LoginTest" name="verifyLogin" time="2.394"/>
  <testcase classname="com.sevenrmartsupermarket.tests.LoginTest" name="verifyLogin" time="3.728"/>
</testsuite> <!-- com.sevenrmartsupermarket.tests.LoginTest -->
